2025-10-16 21:55:13 [INFO ] [main] c.s.s.SmartInterviewPlatformApplication - Starting SmartInterviewPlatformApplication using Java 24.0.1 with PID 30396 (D:\Learning\projects\smart-interview-platform\target\classes started by heman in D:\Learning\projects\smart-interview-platform)
2025-10-16 21:55:13 [DEBUG] [main] c.s.s.SmartInterviewPlatformApplication - Running with Spring Boot v3.5.3, Spring v6.2.8
2025-10-16 21:55:13 [INFO ] [main] c.s.s.SmartInterviewPlatformApplication - No active profile set, falling back to 1 default profile: "default"
2025-10-16 21:55:15 [INFO ] [main] o.s.d.r.c.RepositoryConfigurationDelegate - Bootstrapping Spring Data JPA repositories in DEFAULT mode.
2025-10-16 21:55:15 [INFO ] [main] o.s.d.r.c.RepositoryConfigurationDelegate - Finished Spring Data repository scanning in 78 ms. Found 4 JPA repository interfaces.
2025-10-16 21:55:15 [INFO ] [main] o.s.b.w.e.tomcat.TomcatWebServer - Tomcat initialized with port 8181 (http)
2025-10-16 21:55:15 [INFO ] [main] o.a.catalina.core.StandardService - Starting service [Tomcat]
2025-10-16 21:55:15 [INFO ] [main] o.a.catalina.core.StandardEngine - Starting Servlet engine: [Apache Tomcat/10.1.42]
2025-10-16 21:55:16 [INFO ] [main] o.a.c.c.C.[Tomcat].[localhost].[/] - Initializing Spring embedded WebApplicationContext
2025-10-16 21:55:16 [INFO ] [main] o.s.b.w.s.c.ServletWebServerApplicationContext - Root WebApplicationContext: initialization completed in 1964 ms
2025-10-16 21:55:16 [INFO ] [main] o.h.jpa.internal.util.LogHelper - HHH000204: Processing PersistenceUnitInfo [name: default]
2025-10-16 21:55:16 [INFO ] [main] org.hibernate.Version - HHH000412: Hibernate ORM core version 6.6.18.Final
2025-10-16 21:55:16 [INFO ] [main] o.h.c.i.RegionFactoryInitiator - HHH000026: Second-level cache disabled
2025-10-16 21:55:16 [INFO ] [main] o.s.o.j.p.SpringPersistenceUnitInfo - No LoadTimeWeaver setup: ignoring JPA class transformer
2025-10-16 21:55:16 [INFO ] [main] com.zaxxer.hikari.HikariDataSource - HikariPool-1 - Starting...
2025-10-16 21:55:17 [INFO ] [main] com.zaxxer.hikari.pool.HikariPool - HikariPool-1 - Added connection com.mysql.cj.jdbc.ConnectionImpl@5996d6f2
2025-10-16 21:55:17 [INFO ] [main] com.zaxxer.hikari.HikariDataSource - HikariPool-1 - Start completed.
2025-10-16 21:55:17 [WARN ] [main] org.hibernate.orm.deprecation - HHH90000025: MySQL8Dialect does not need to be specified explicitly using 'hibernate.dialect' (remove the property setting and it will be selected by default)
2025-10-16 21:55:17 [WARN ] [main] org.hibernate.orm.deprecation - HHH90000026: MySQL8Dialect has been deprecated; use org.hibernate.dialect.MySQLDialect instead
2025-10-16 21:55:17 [INFO ] [main] o.hibernate.orm.connections.pooling - HHH10001005: Database info:
	Database JDBC URL [Connecting through datasource 'HikariDataSource (HikariPool-1)']
	Database driver: undefined/unknown
	Database version: 8.0
	Autocommit mode: undefined/unknown
	Isolation level: undefined/unknown
	Minimum pool size: undefined/unknown
	Maximum pool size: undefined/unknown
2025-10-16 21:55:18 [INFO ] [main] o.h.e.t.j.p.i.JtaPlatformInitiator - HHH000489: No JTA platform available (set 'hibernate.transaction.jta.platform' to enable JTA platform integration)
2025-10-16 21:55:18 [INFO ] [main] o.s.o.j.LocalContainerEntityManagerFactoryBean - Initialized JPA EntityManagerFactory for persistence unit 'default'
2025-10-16 21:55:19 [DEBUG] [main] c.s.s.S.JwtAuthenticationFilter - Filter 'jwtAuthenticationFilter' configured for use
2025-10-16 21:55:19 [INFO ] [main] o.s.s.c.a.a.c.InitializeAuthenticationProviderBeanManagerConfigurer$InitializeAuthenticationProviderManagerConfigurer - Global AuthenticationManager configured with AuthenticationProvider bean with name daoAuthenticationProvider
2025-10-16 21:55:19 [WARN ] [main] o.s.s.c.a.a.c.InitializeUserDetailsBeanManagerConfigurer$InitializeUserDetailsManagerConfigurer - Global AuthenticationManager configured with an AuthenticationProvider bean. UserDetailsService beans will not be used by Spring Security for automatically configuring username/password login. Consider removing the AuthenticationProvider bean. Alternatively, consider using the UserDetailsService in a manually instantiated DaoAuthenticationProvider. If the current configuration is intentional, to turn off this warning, increase the logging level of 'org.springframework.security.config.annotation.authentication.configuration.InitializeUserDetailsBeanManagerConfigurer' to ERROR
2025-10-16 21:55:19 [INFO ] [main] o.s.d.j.r.query.QueryEnhancerFactory - Hibernate is in classpath; If applicable, HQL parser will be used.
2025-10-16 21:55:20 [WARN ] [main] o.s.b.a.o.j.JpaBaseConfiguration$JpaWebConfiguration - spring.jpa.open-in-view is enabled by default. Therefore, database queries may be performed during view rendering. Explicitly configure spring.jpa.open-in-view to disable this warning
2025-10-16 21:55:20 [DEBUG] [main] o.s.s.web.DefaultSecurityFilterChain - Will secure any request with filters: DisableEncodeUrlFilter, WebAsyncManagerIntegrationFilter, SecurityContextHolderFilter, HeaderWriterFilter, LogoutFilter, JwtAuthenticationFilter, BasicAuthenticationFilter, RequestCacheAwareFilter, SecurityContextHolderAwareRequestFilter, AnonymousAuthenticationFilter, SessionManagementFilter, ExceptionTranslationFilter, AuthorizationFilter
2025-10-16 21:55:20 [INFO ] [main] o.s.v.b.OptionalValidatorFactoryBean - Failed to set up a Bean Validation provider: jakarta.validation.NoProviderFoundException: Unable to create a Configuration, because no Jakarta Bean Validation provider could be found. Add a provider like Hibernate Validator (RI) to your classpath.
2025-10-16 21:55:20 [INFO ] [main] o.s.b.w.e.tomcat.TomcatWebServer - Tomcat started on port 8181 (http) with context path '/'
2025-10-16 21:55:20 [INFO ] [main] c.s.s.SmartInterviewPlatformApplication - Started SmartInterviewPlatformApplication in 7.531 seconds (process running for 8.086)
2025-10-16 21:56:40 [INFO ] [http-nio-8181-exec-1] o.a.c.c.C.[Tomcat].[localhost].[/] - Initializing Spring DispatcherServlet 'dispatcherServlet'
2025-10-16 21:56:40 [INFO ] [http-nio-8181-exec-1] o.s.web.servlet.DispatcherServlet - Initializing Servlet 'dispatcherServlet'
2025-10-16 21:56:40 [INFO ] [http-nio-8181-exec-1] o.s.web.servlet.DispatcherServlet - Completed initialization in 0 ms
2025-10-16 21:56:40 [DEBUG] [http-nio-8181-exec-1] o.s.security.web.FilterChainProxy - Securing GET /user/all
2025-10-16 21:56:40 [DEBUG] [http-nio-8181-exec-1] c.s.s.S.JwtAuthenticationFilter - [JWT_FILTER] Processing request: GET /user/all
2025-10-16 21:56:40 [DEBUG] [http-nio-8181-exec-1] c.s.s.S.JwtAuthenticationFilter - [JWT_FILTER] Authorization header found, extracting token
2025-10-16 21:56:40 [DEBUG] [http-nio-8181-exec-1] c.s.s.Security.JwtUtil - [JWT] Extracting username from token
2025-10-16 21:56:41 [DEBUG] [http-nio-8181-exec-1] c.s.s.Security.JwtUtil - [JWT] Username extracted: Spider@gmail.com
2025-10-16 21:56:41 [DEBUG] [http-nio-8181-exec-1] c.s.s.S.JwtAuthenticationFilter - [JWT_FILTER] Loading user details for username: Spider@gmail.com
2025-10-16 21:56:41 [INFO ] [http-nio-8181-exec-1] c.s.s.S.CustomUserDetailsService - [AUTH_SERVICE] Loading user details for email: Spider@gmail.com
2025-10-16 21:56:41 [DEBUG] [http-nio-8181-exec-1] c.s.s.S.CustomUserDetailsService - [AUTH_SERVICE] User details loaded successfully for email: Spider@gmail.com
2025-10-16 21:56:41 [DEBUG] [http-nio-8181-exec-1] c.s.s.Security.JwtUtil - [JWT] Validating token
2025-10-16 21:56:41 [DEBUG] [http-nio-8181-exec-1] c.s.s.Security.JwtUtil - [JWT] Token validation successful
2025-10-16 21:56:41 [INFO ] [http-nio-8181-exec-1] c.s.s.S.JwtAuthenticationFilter - [JWT_FILTER] Token validated successfully for user: Spider@gmail.com
2025-10-16 21:56:41 [DEBUG] [http-nio-8181-exec-1] c.s.s.S.JwtAuthenticationFilter - [JWT_FILTER] Authentication set for user: Spider@gmail.com
2025-10-16 21:56:41 [DEBUG] [http-nio-8181-exec-1] o.s.security.web.FilterChainProxy - Secured GET /user/all
2025-10-16 21:56:41 [INFO ] [http-nio-8181-exec-1] c.s.s.Controller.UserController - [USER] Fetching all users
2025-10-16 21:56:41 [INFO ] [http-nio-8181-exec-1] c.s.s.Service.UserService - [USER_SERVICE] Fetching all users
2025-10-16 21:56:41 [DEBUG] [http-nio-8181-exec-1] c.s.s.Service.UserService - [USER_SERVICE] Retrieved 8 users
2025-10-16 21:56:41 [DEBUG] [http-nio-8181-exec-1] c.s.s.Controller.UserController - [USER] Retrieved 8 users
2025-10-16 21:57:36 [DEBUG] [http-nio-8181-exec-3] o.s.security.web.FilterChainProxy - Securing POST /auth/login
2025-10-16 21:57:36 [DEBUG] [http-nio-8181-exec-3] c.s.s.S.JwtAuthenticationFilter - [JWT_FILTER] Processing request: POST /auth/login
2025-10-16 21:57:36 [DEBUG] [http-nio-8181-exec-3] c.s.s.S.JwtAuthenticationFilter - [JWT_FILTER] No Authorization header or invalid format
2025-10-16 21:57:36 [DEBUG] [http-nio-8181-exec-3] o.s.s.w.a.AnonymousAuthenticationFilter - Set SecurityContextHolder to anonymous SecurityContext
2025-10-16 21:57:36 [DEBUG] [http-nio-8181-exec-3] o.s.security.web.FilterChainProxy - Secured POST /auth/login
2025-10-16 21:57:36 [INFO ] [http-nio-8181-exec-3] c.s.s.Controller.AuthController - [AUTH] Login attempt for email: Spider@gmail.com
2025-10-16 21:57:36 [INFO ] [http-nio-8181-exec-3] c.s.s.S.CustomUserDetailsService - [AUTH_SERVICE] Loading user details for email: Spider@gmail.com
2025-10-16 21:57:36 [DEBUG] [http-nio-8181-exec-3] c.s.s.S.CustomUserDetailsService - [AUTH_SERVICE] User details loaded successfully for email: Spider@gmail.com
2025-10-16 21:57:36 [DEBUG] [http-nio-8181-exec-3] o.s.s.a.d.DaoAuthenticationProvider - Authenticated user
2025-10-16 21:57:36 [INFO ] [http-nio-8181-exec-3] c.s.s.S.CustomUserDetailsService - [AUTH_SERVICE] Loading user details for email: Spider@gmail.com
2025-10-16 21:57:36 [DEBUG] [http-nio-8181-exec-3] c.s.s.S.CustomUserDetailsService - [AUTH_SERVICE] User details loaded successfully for email: Spider@gmail.com
2025-10-16 21:57:36 [INFO ] [http-nio-8181-exec-3] c.s.s.Security.JwtUtil - [JWT] Generating token for user: Spider@gmail.com with role: ROLE_USER
2025-10-16 21:57:36 [DEBUG] [http-nio-8181-exec-3] c.s.s.Security.JwtUtil - [JWT] Token generated successfully for user: Spider@gmail.com
2025-10-16 21:57:36 [INFO ] [http-nio-8181-exec-3] c.s.s.Controller.AuthController - [AUTH] Login successful for email: Spider@gmail.com with role: ROLE_USER
2025-10-16 21:57:50 [DEBUG] [http-nio-8181-exec-4] o.s.security.web.FilterChainProxy - Securing GET /leaderboard/totalSubmissions
2025-10-16 21:57:50 [DEBUG] [http-nio-8181-exec-4] c.s.s.S.JwtAuthenticationFilter - [JWT_FILTER] Processing request: GET /leaderboard/totalSubmissions
2025-10-16 21:57:50 [DEBUG] [http-nio-8181-exec-4] c.s.s.S.JwtAuthenticationFilter - [JWT_FILTER] Authorization header found, extracting token
2025-10-16 21:57:50 [DEBUG] [http-nio-8181-exec-4] c.s.s.Security.JwtUtil - [JWT] Extracting username from token
2025-10-16 21:57:50 [DEBUG] [http-nio-8181-exec-4] c.s.s.Security.JwtUtil - [JWT] Username extracted: Spider@gmail.com
2025-10-16 21:57:50 [DEBUG] [http-nio-8181-exec-4] c.s.s.S.JwtAuthenticationFilter - [JWT_FILTER] Loading user details for username: Spider@gmail.com
2025-10-16 21:57:50 [INFO ] [http-nio-8181-exec-4] c.s.s.S.CustomUserDetailsService - [AUTH_SERVICE] Loading user details for email: Spider@gmail.com
2025-10-16 21:57:50 [DEBUG] [http-nio-8181-exec-4] c.s.s.S.CustomUserDetailsService - [AUTH_SERVICE] User details loaded successfully for email: Spider@gmail.com
2025-10-16 21:57:50 [DEBUG] [http-nio-8181-exec-4] c.s.s.Security.JwtUtil - [JWT] Validating token
2025-10-16 21:57:50 [DEBUG] [http-nio-8181-exec-4] c.s.s.Security.JwtUtil - [JWT] Token validation successful
2025-10-16 21:57:50 [INFO ] [http-nio-8181-exec-4] c.s.s.S.JwtAuthenticationFilter - [JWT_FILTER] Token validated successfully for user: Spider@gmail.com
2025-10-16 21:57:50 [DEBUG] [http-nio-8181-exec-4] c.s.s.S.JwtAuthenticationFilter - [JWT_FILTER] Authentication set for user: Spider@gmail.com
2025-10-16 21:57:50 [DEBUG] [http-nio-8181-exec-4] o.s.security.web.FilterChainProxy - Secured GET /leaderboard/totalSubmissions
2025-10-16 21:57:50 [INFO ] [http-nio-8181-exec-4] c.s.s.Controller.UserStatsController - [LEADERBOARD] Fetching leaderboard of type: totalSubmissions
2025-10-16 21:57:50 [INFO ] [http-nio-8181-exec-4] c.s.s.Service.UserStatsService - [STATS_SERVICE] Fetching leaderboard of type: totalSubmissions
2025-10-16 21:57:50 [DEBUG] [http-nio-8181-exec-4] c.s.s.Service.UserStatsService - [STATS_SERVICE] Sorting leaderboard by total submissions
2025-10-16 21:57:50 [INFO ] [http-nio-8181-exec-4] c.s.s.Service.UserStatsService - [STATS_SERVICE] Leaderboard generated with 8 entries for type: totalSubmissions
2025-10-16 21:57:50 [DEBUG] [http-nio-8181-exec-4] c.s.s.Controller.UserStatsController - [LEADERBOARD] Retrieved 8 entries for leaderboard type: totalSubmissions
2025-10-16 22:11:19 [INFO ] [SpringApplicationShutdownHook] o.s.b.w.e.tomcat.GracefulShutdown - Commencing graceful shutdown. Waiting for active requests to complete
2025-10-16 22:11:19 [INFO ] [tomcat-shutdown] o.s.b.w.e.tomcat.GracefulShutdown - Graceful shutdown complete
2025-10-16 22:11:19 [INFO ] [SpringApplicationShutdownHook] o.s.o.j.LocalContainerEntityManagerFactoryBean - Closing JPA EntityManagerFactory for persistence unit 'default'
2025-10-16 22:11:19 [INFO ] [SpringApplicationShutdownHook] com.zaxxer.hikari.HikariDataSource - HikariPool-1 - Shutdown initiated...
2025-10-16 22:11:19 [INFO ] [SpringApplicationShutdownHook] com.zaxxer.hikari.HikariDataSource - HikariPool-1 - Shutdown completed.
